{"C:\\Users\\Marco\\Projects\\Gestion_de_Libros_STA_Code\\Gestion_de_Libros_STA\\backend\\src\\app.js": {"path":"C:\\Users\\Marco\\Projects\\Gestion_de_Libros_STA_Code\\Gestion_de_Libros_STA\\backend\\src\\app.js","statementMap":{"0":{"start":{"line":8,"column":0},"end":{"line":8,"column":27}},"1":{"start":{"line":11,"column":16},"end":{"line":11,"column":34}},"2":{"start":{"line":14,"column":13},"end":{"line":14,"column":28}},"3":{"start":{"line":17,"column":21},"end":{"line":17,"column":47}},"4":{"start":{"line":18,"column":20},"end":{"line":18,"column":45}},"5":{"start":{"line":21,"column":12},"end":{"line":21,"column":21}},"6":{"start":{"line":24,"column":0},"end":{"line":24,"column":16}},"7":{"start":{"line":25,"column":0},"end":{"line":25,"column":24}},"8":{"start":{"line":28,"column":0},"end":{"line":28,"column":33}},"9":{"start":{"line":29,"column":0},"end":{"line":29,"column":31}},"10":{"start":{"line":32,"column":21},"end":{"line":32,"column":57}},"11":{"start":{"line":33,"column":0},"end":{"line":33,"column":22}},"12":{"start":{"line":36,"column":0},"end":{"line":36,"column":21}}},"fnMap":{},"branchMap":{},"s":{"0":2,"1":2,"2":2,"3":2,"4":2,"5":2,"6":2,"7":2,"8":2,"9":2,"10":2,"11":2,"12":2},"f":{},"b":{},"_coverageSchema":"1a1c01bbd47fc00a2c39e90264f33305004495a9","hash":"f689df71912bac1b990dafdbbd9517b180886529"}
,"C:\\Users\\Marco\\Projects\\Gestion_de_Libros_STA_Code\\Gestion_de_Libros_STA\\backend\\src\\controllers\\librosController.js": {"path":"C:\\Users\\Marco\\Projects\\Gestion_de_Libros_STA_Code\\Gestion_de_Libros_STA\\backend\\src\\controllers\\librosController.js","statementMap":{"0":{"start":{"line":9,"column":25},"end":{"line":9,"column":50}},"1":{"start":{"line":10,"column":15},"end":{"line":10,"column":33}},"2":{"start":{"line":19,"column":0},"end":{"line":31,"column":2}},"3":{"start":{"line":20,"column":2},"end":{"line":30,"column":3}},"4":{"start":{"line":22,"column":4},"end":{"line":22,"column":68}},"5":{"start":{"line":22,"column":34},"end":{"line":22,"column":68}},"6":{"start":{"line":23,"column":19},"end":{"line":23,"column":76}},"7":{"start":{"line":24,"column":4},"end":{"line":26,"column":5}},"8":{"start":{"line":25,"column":6},"end":{"line":25,"column":73}},"9":{"start":{"line":27,"column":4},"end":{"line":27,"column":21}},"10":{"start":{"line":29,"column":4},"end":{"line":29,"column":67}},"11":{"start":{"line":40,"column":0},"end":{"line":57,"column":2}},"12":{"start":{"line":41,"column":2},"end":{"line":56,"column":3}},"13":{"start":{"line":43,"column":4},"end":{"line":43,"column":67}},"14":{"start":{"line":43,"column":33},"end":{"line":43,"column":67}},"15":{"start":{"line":45,"column":52},"end":{"line":45,"column":60}},"16":{"start":{"line":47,"column":4},"end":{"line":49,"column":5}},"17":{"start":{"line":48,"column":6},"end":{"line":48,"column":110}},"18":{"start":{"line":50,"column":18},"end":{"line":52,"column":6}},"19":{"start":{"line":53,"column":4},"end":{"line":53,"column":32}},"20":{"start":{"line":55,"column":4},"end":{"line":55,"column":63}},"21":{"start":{"line":66,"column":0},"end":{"line":79,"column":2}},"22":{"start":{"line":67,"column":2},"end":{"line":78,"column":3}},"23":{"start":{"line":69,"column":4},"end":{"line":69,"column":67}},"24":{"start":{"line":69,"column":33},"end":{"line":69,"column":67}},"25":{"start":{"line":70,"column":18},"end":{"line":73,"column":6}},"26":{"start":{"line":74,"column":4},"end":{"line":74,"column":78}},"27":{"start":{"line":74,"column":16},"end":{"line":74,"column":78}},"28":{"start":{"line":75,"column":4},"end":{"line":75,"column":20}},"29":{"start":{"line":77,"column":4},"end":{"line":77,"column":65}},"30":{"start":{"line":88,"column":0},"end":{"line":105,"column":2}},"31":{"start":{"line":89,"column":2},"end":{"line":104,"column":3}},"32":{"start":{"line":91,"column":4},"end":{"line":91,"column":67}},"33":{"start":{"line":91,"column":33},"end":{"line":91,"column":67}},"34":{"start":{"line":92,"column":43},"end":{"line":92,"column":51}},"35":{"start":{"line":93,"column":20},"end":{"line":96,"column":6}},"36":{"start":{"line":97,"column":4},"end":{"line":97,"column":22}},"37":{"start":{"line":99,"column":4},"end":{"line":102,"column":5}},"38":{"start":{"line":101,"column":6},"end":{"line":101,"column":68}},"39":{"start":{"line":103,"column":4},"end":{"line":103,"column":68}},"40":{"start":{"line":114,"column":0},"end":{"line":127,"column":2}},"41":{"start":{"line":115,"column":2},"end":{"line":126,"column":3}},"42":{"start":{"line":117,"column":4},"end":{"line":117,"column":67}},"43":{"start":{"line":117,"column":33},"end":{"line":117,"column":67}},"44":{"start":{"line":118,"column":4},"end":{"line":118,"column":74}},"45":{"start":{"line":119,"column":4},"end":{"line":119,"column":27}},"46":{"start":{"line":121,"column":4},"end":{"line":124,"column":5}},"47":{"start":{"line":123,"column":6},"end":{"line":123,"column":68}},"48":{"start":{"line":125,"column":4},"end":{"line":125,"column":66}}},"fnMap":{"0":{"name":"(anonymous_0)","decl":{"start":{"line":19,"column":23},"end":{"line":19,"column":24}},"loc":{"start":{"line":19,"column":44},"end":{"line":31,"column":1}},"line":19},"1":{"name":"(anonymous_1)","decl":{"start":{"line":40,"column":22},"end":{"line":40,"column":23}},"loc":{"start":{"line":40,"column":42},"end":{"line":57,"column":1}},"line":40},"2":{"name":"(anonymous_2)","decl":{"start":{"line":66,"column":23},"end":{"line":66,"column":24}},"loc":{"start":{"line":66,"column":43},"end":{"line":79,"column":1}},"line":66},"3":{"name":"(anonymous_3)","decl":{"start":{"line":88,"column":22},"end":{"line":88,"column":23}},"loc":{"start":{"line":88,"column":42},"end":{"line":105,"column":1}},"line":88},"4":{"name":"(anonymous_4)","decl":{"start":{"line":114,"column":22},"end":{"line":114,"column":23}},"loc":{"start":{"line":114,"column":42},"end":{"line":127,"column":1}},"line":114}},"branchMap":{"0":{"loc":{"start":{"line":22,"column":4},"end":{"line":22,"column":68}},"type":"if","locations":[{"start":{"line":22,"column":4},"end":{"line":22,"column":68}},{"start":{},"end":{}}],"line":22},"1":{"loc":{"start":{"line":24,"column":4},"end":{"line":26,"column":5}},"type":"if","locations":[{"start":{"line":24,"column":4},"end":{"line":26,"column":5}},{"start":{},"end":{}}],"line":24},"2":{"loc":{"start":{"line":24,"column":8},"end":{"line":24,"column":38}},"type":"binary-expr","locations":[{"start":{"line":24,"column":8},"end":{"line":24,"column":15}},{"start":{"line":24,"column":19},"end":{"line":24,"column":38}}],"line":24},"3":{"loc":{"start":{"line":43,"column":4},"end":{"line":43,"column":67}},"type":"if","locations":[{"start":{"line":43,"column":4},"end":{"line":43,"column":67}},{"start":{},"end":{}}],"line":43},"4":{"loc":{"start":{"line":47,"column":4},"end":{"line":49,"column":5}},"type":"if","locations":[{"start":{"line":47,"column":4},"end":{"line":49,"column":5}},{"start":{},"end":{}}],"line":47},"5":{"loc":{"start":{"line":47,"column":8},"end":{"line":47,"column":72}},"type":"binary-expr","locations":[{"start":{"line":47,"column":8},"end":{"line":47,"column":15}},{"start":{"line":47,"column":19},"end":{"line":47,"column":26}},{"start":{"line":47,"column":30},"end":{"line":47,"column":60}},{"start":{"line":47,"column":64},"end":{"line":47,"column":72}}],"line":47},"6":{"loc":{"start":{"line":69,"column":4},"end":{"line":69,"column":67}},"type":"if","locations":[{"start":{"line":69,"column":4},"end":{"line":69,"column":67}},{"start":{},"end":{}}],"line":69},"7":{"loc":{"start":{"line":74,"column":4},"end":{"line":74,"column":78}},"type":"if","locations":[{"start":{"line":74,"column":4},"end":{"line":74,"column":78}},{"start":{},"end":{}}],"line":74},"8":{"loc":{"start":{"line":91,"column":4},"end":{"line":91,"column":67}},"type":"if","locations":[{"start":{"line":91,"column":4},"end":{"line":91,"column":67}},{"start":{},"end":{}}],"line":91},"9":{"loc":{"start":{"line":99,"column":4},"end":{"line":102,"column":5}},"type":"if","locations":[{"start":{"line":99,"column":4},"end":{"line":102,"column":5}},{"start":{},"end":{}}],"line":99},"10":{"loc":{"start":{"line":117,"column":4},"end":{"line":117,"column":67}},"type":"if","locations":[{"start":{"line":117,"column":4},"end":{"line":117,"column":67}},{"start":{},"end":{}}],"line":117},"11":{"loc":{"start":{"line":121,"column":4},"end":{"line":124,"column":5}},"type":"if","locations":[{"start":{"line":121,"column":4},"end":{"line":124,"column":5}},{"start":{},"end":{}}],"line":121}},"s":{"0":2,"1":2,"2":2,"3":3,"4":3,"5":1,"6":2,"7":2,"8":1,"9":1,"10":1,"11":2,"12":8,"13":8,"14":1,"15":7,"16":7,"17":6,"18":1,"19":1,"20":1,"21":2,"22":4,"23":4,"24":1,"25":3,"26":3,"27":2,"28":1,"29":1,"30":2,"31":3,"32":3,"33":1,"34":2,"35":2,"36":1,"37":2,"38":1,"39":1,"40":2,"41":3,"42":3,"43":1,"44":2,"45":1,"46":2,"47":1,"48":1},"f":{"0":3,"1":8,"2":4,"3":3,"4":3},"b":{"0":[1,2],"1":[1,1],"2":[2,2],"3":[1,7],"4":[6,1],"5":[7,5,4,2],"6":[1,3],"7":[2,1],"8":[1,2],"9":[1,1],"10":[1,2],"11":[1,1]},"_coverageSchema":"1a1c01bbd47fc00a2c39e90264f33305004495a9","hash":"29ce42b4308f7ec2cae1b0114d1e8fd4d99c080e"}
,"C:\\Users\\Marco\\Projects\\Gestion_de_Libros_STA_Code\\Gestion_de_Libros_STA\\backend\\src\\middleware\\errorHandler.js": {"path":"C:\\Users\\Marco\\Projects\\Gestion_de_Libros_STA_Code\\Gestion_de_Libros_STA\\backend\\src\\middleware\\errorHandler.js","statementMap":{"0":{"start":{"line":16,"column":0},"end":{"line":19,"column":2}},"1":{"start":{"line":17,"column":2},"end":{"line":17,"column":59}},"2":{"start":{"line":18,"column":2},"end":{"line":18,"column":64}}},"fnMap":{"0":{"name":"(anonymous_0)","decl":{"start":{"line":16,"column":17},"end":{"line":16,"column":18}},"loc":{"start":{"line":16,"column":42},"end":{"line":19,"column":1}},"line":16}},"branchMap":{},"s":{"0":3,"1":2,"2":2},"f":{"0":2},"b":{},"_coverageSchema":"1a1c01bbd47fc00a2c39e90264f33305004495a9","hash":"d691464a08579f96046875f060d87a6d74084252"}
,"C:\\Users\\Marco\\Projects\\Gestion_de_Libros_STA_Code\\Gestion_de_Libros_STA\\backend\\src\\routes\\libros.js": {"path":"C:\\Users\\Marco\\Projects\\Gestion_de_Libros_STA_Code\\Gestion_de_Libros_STA\\backend\\src\\routes\\libros.js","statementMap":{"0":{"start":{"line":9,"column":16},"end":{"line":9,"column":34}},"1":{"start":{"line":10,"column":15},"end":{"line":10,"column":31}},"2":{"start":{"line":13,"column":25},"end":{"line":13,"column":67}},"3":{"start":{"line":19,"column":0},"end":{"line":19,"column":47}},"4":{"start":{"line":25,"column":0},"end":{"line":25,"column":47}},"5":{"start":{"line":31,"column":0},"end":{"line":31,"column":50}},"6":{"start":{"line":37,"column":0},"end":{"line":37,"column":49}},"7":{"start":{"line":43,"column":0},"end":{"line":43,"column":52}},"8":{"start":{"line":46,"column":0},"end":{"line":46,"column":24}}},"fnMap":{},"branchMap":{},"s":{"0":2,"1":2,"2":2,"3":2,"4":2,"5":2,"6":2,"7":2,"8":2},"f":{},"b":{},"_coverageSchema":"1a1c01bbd47fc00a2c39e90264f33305004495a9","hash":"e150f83d94ca981534823fd99861731c0ea13864"}
,"C:\\Users\\Marco\\Projects\\Gestion_de_Libros_STA_Code\\Gestion_de_Libros_STA\\backend\\src\\routes\\login.js": {"path":"C:\\Users\\Marco\\Projects\\Gestion_de_Libros_STA_Code\\Gestion_de_Libros_STA\\backend\\src\\routes\\login.js","statementMap":{"0":{"start":{"line":9,"column":16},"end":{"line":9,"column":34}},"1":{"start":{"line":10,"column":15},"end":{"line":10,"column":31}},"2":{"start":{"line":11,"column":25},"end":{"line":11,"column":50}},"3":{"start":{"line":12,"column":15},"end":{"line":12,"column":33}},"4":{"start":{"line":33,"column":2},"end":{"line":36,"column":15}},"5":{"start":{"line":35,"column":17},"end":{"line":35,"column":75}},"6":{"start":{"line":39,"column":0},"end":{"line":76,"column":3}},"7":{"start":{"line":40,"column":2},"end":{"line":75,"column":3}},"8":{"start":{"line":41,"column":30},"end":{"line":41,"column":38}},"9":{"start":{"line":44,"column":4},"end":{"line":46,"column":5}},"10":{"start":{"line":45,"column":6},"end":{"line":45,"column":78}},"11":{"start":{"line":47,"column":4},"end":{"line":49,"column":5}},"12":{"start":{"line":48,"column":6},"end":{"line":48,"column":81}},"13":{"start":{"line":52,"column":16},"end":{"line":52,"column":67}},"14":{"start":{"line":55,"column":4},"end":{"line":66,"column":5}},"15":{"start":{"line":57,"column":6},"end":{"line":62,"column":7}},"16":{"start":{"line":58,"column":8},"end":{"line":58,"column":36}},"17":{"start":{"line":60,"column":28},"end":{"line":60,"column":47}},"18":{"start":{"line":61,"column":8},"end":{"line":61,"column":53}},"19":{"start":{"line":63,"column":6},"end":{"line":65,"column":9}},"20":{"start":{"line":69,"column":4},"end":{"line":69,"column":90}},"21":{"start":{"line":73,"column":4},"end":{"line":73,"column":68}},"22":{"start":{"line":74,"column":4},"end":{"line":74,"column":16}},"23":{"start":{"line":78,"column":0},"end":{"line":78,"column":24}}},"fnMap":{"0":{"name":"emailPrefixToName","decl":{"start":{"line":32,"column":9},"end":{"line":32,"column":26}},"loc":{"start":{"line":32,"column":40},"end":{"line":37,"column":1}},"line":32},"1":{"name":"(anonymous_1)","decl":{"start":{"line":35,"column":9},"end":{"line":35,"column":10}},"loc":{"start":{"line":35,"column":17},"end":{"line":35,"column":75}},"line":35},"2":{"name":"(anonymous_2)","decl":{"start":{"line":39,"column":17},"end":{"line":39,"column":18}},"loc":{"start":{"line":39,"column":43},"end":{"line":76,"column":1}},"line":39}},"branchMap":{"0":{"loc":{"start":{"line":44,"column":4},"end":{"line":46,"column":5}},"type":"if","locations":[{"start":{"line":44,"column":4},"end":{"line":46,"column":5}},{"start":{},"end":{}}],"line":44},"1":{"loc":{"start":{"line":47,"column":4},"end":{"line":49,"column":5}},"type":"if","locations":[{"start":{"line":47,"column":4},"end":{"line":49,"column":5}},{"start":{},"end":{}}],"line":47},"2":{"loc":{"start":{"line":55,"column":4},"end":{"line":66,"column":5}},"type":"if","locations":[{"start":{"line":55,"column":4},"end":{"line":66,"column":5}},{"start":{},"end":{}}],"line":55},"3":{"loc":{"start":{"line":57,"column":6},"end":{"line":62,"column":7}},"type":"if","locations":[{"start":{"line":57,"column":6},"end":{"line":62,"column":7}},{"start":{"line":59,"column":13},"end":{"line":62,"column":7}}],"line":57},"4":{"loc":{"start":{"line":57,"column":10},"end":{"line":57,"column":33}},"type":"binary-expr","locations":[{"start":{"line":57,"column":10},"end":{"line":57,"column":16}},{"start":{"line":57,"column":20},"end":{"line":57,"column":33}}],"line":57}},"s":{"0":2,"1":2,"2":2,"3":2,"4":3,"5":5,"6":2,"7":10,"8":10,"9":10,"10":1,"11":9,"12":1,"13":8,"14":7,"15":4,"16":1,"17":3,"18":3,"19":4,"20":7,"21":1,"22":1,"23":2},"f":{"0":3,"1":5,"2":10},"b":{"0":[1,9],"1":[1,8],"2":[4,3],"3":[1,3],"4":[4,1]},"_coverageSchema":"1a1c01bbd47fc00a2c39e90264f33305004495a9","hash":"eed91478e57eb02647cf75286ae4a1550e327eb3"}
}
