{"C:\\Users\\Marco\\Projects\\Gestion_de_Libros_STA_Code\\Gestion_de_Libros_STA\\backend\\src\\app.js": {"path":"C:\\Users\\Marco\\Projects\\Gestion_de_Libros_STA_Code\\Gestion_de_Libros_STA\\backend\\src\\app.js","statementMap":{"0":{"start":{"line":8,"column":0},"end":{"line":8,"column":27}},"1":{"start":{"line":11,"column":16},"end":{"line":11,"column":34}},"2":{"start":{"line":14,"column":13},"end":{"line":14,"column":28}},"3":{"start":{"line":17,"column":21},"end":{"line":17,"column":47}},"4":{"start":{"line":18,"column":20},"end":{"line":18,"column":45}},"5":{"start":{"line":19,"column":22},"end":{"line":19,"column":49}},"6":{"start":{"line":22,"column":12},"end":{"line":22,"column":21}},"7":{"start":{"line":37,"column":26},"end":{"line":39,"column":1}},"8":{"start":{"line":40,"column":0},"end":{"line":51,"column":4}},"9":{"start":{"line":43,"column":4},"end":{"line":43,"column":45}},"10":{"start":{"line":43,"column":17},"end":{"line":43,"column":45}},"11":{"start":{"line":45,"column":4},"end":{"line":47,"column":5}},"12":{"start":{"line":46,"column":6},"end":{"line":46,"column":34}},"13":{"start":{"line":49,"column":4},"end":{"line":49,"column":54}},"14":{"start":{"line":52,"column":0},"end":{"line":52,"column":24}},"15":{"start":{"line":55,"column":0},"end":{"line":55,"column":33}},"16":{"start":{"line":56,"column":0},"end":{"line":56,"column":31}},"17":{"start":{"line":57,"column":0},"end":{"line":57,"column":35}},"18":{"start":{"line":60,"column":21},"end":{"line":60,"column":57}},"19":{"start":{"line":61,"column":0},"end":{"line":61,"column":22}},"20":{"start":{"line":64,"column":0},"end":{"line":64,"column":21}}},"fnMap":{"0":{"name":"(anonymous_0)","decl":{"start":{"line":41,"column":10},"end":{"line":41,"column":11}},"loc":{"start":{"line":41,"column":38},"end":{"line":50,"column":3}},"line":41}},"branchMap":{"0":{"loc":{"start":{"line":43,"column":4},"end":{"line":43,"column":45}},"type":"if","locations":[{"start":{"line":43,"column":4},"end":{"line":43,"column":45}},{"start":{},"end":{}}],"line":43},"1":{"loc":{"start":{"line":45,"column":4},"end":{"line":47,"column":5}},"type":"if","locations":[{"start":{"line":45,"column":4},"end":{"line":47,"column":5}},{"start":{},"end":{}}],"line":45}},"s":{"0":3,"1":3,"2":3,"3":3,"4":3,"5":3,"6":3,"7":3,"8":3,"9":33,"10":33,"11":0,"12":0,"13":0,"14":3,"15":3,"16":3,"17":3,"18":3,"19":3,"20":3},"f":{"0":33},"b":{"0":[33,0],"1":[0,0]},"_coverageSchema":"1a1c01bbd47fc00a2c39e90264f33305004495a9","hash":"8238607ebe2093e46dcf472ca781aacb1ac03050"}
,"C:\\Users\\Marco\\Projects\\Gestion_de_Libros_STA_Code\\Gestion_de_Libros_STA\\backend\\src\\prisma.js": {"path":"C:\\Users\\Marco\\Projects\\Gestion_de_Libros_STA_Code\\Gestion_de_Libros_STA\\backend\\src\\prisma.js","statementMap":{"0":{"start":{"line":1,"column":25},"end":{"line":1,"column":50}},"1":{"start":{"line":2,"column":15},"end":{"line":2,"column":33}},"2":{"start":{"line":3,"column":0},"end":{"line":3,"column":24}}},"fnMap":{},"branchMap":{},"s":{"0":3,"1":3,"2":3},"f":{},"b":{},"_coverageSchema":"1a1c01bbd47fc00a2c39e90264f33305004495a9","hash":"17d1e8ca5adf119a4a9322b9926bd1e720b560cc"}
,"C:\\Users\\Marco\\Projects\\Gestion_de_Libros_STA_Code\\Gestion_de_Libros_STA\\backend\\src\\controllers\\librosController.js": {"path":"C:\\Users\\Marco\\Projects\\Gestion_de_Libros_STA_Code\\Gestion_de_Libros_STA\\backend\\src\\controllers\\librosController.js","statementMap":{"0":{"start":{"line":9,"column":25},"end":{"line":9,"column":50}},"1":{"start":{"line":10,"column":15},"end":{"line":10,"column":33}},"2":{"start":{"line":19,"column":0},"end":{"line":29,"column":2}},"3":{"start":{"line":20,"column":2},"end":{"line":28,"column":3}},"4":{"start":{"line":22,"column":4},"end":{"line":22,"column":68}},"5":{"start":{"line":22,"column":34},"end":{"line":22,"column":68}},"6":{"start":{"line":23,"column":19},"end":{"line":23,"column":76}},"7":{"start":{"line":25,"column":4},"end":{"line":25,"column":21}},"8":{"start":{"line":27,"column":4},"end":{"line":27,"column":67}},"9":{"start":{"line":38,"column":0},"end":{"line":55,"column":2}},"10":{"start":{"line":39,"column":2},"end":{"line":54,"column":3}},"11":{"start":{"line":41,"column":4},"end":{"line":41,"column":67}},"12":{"start":{"line":41,"column":33},"end":{"line":41,"column":67}},"13":{"start":{"line":43,"column":52},"end":{"line":43,"column":60}},"14":{"start":{"line":45,"column":4},"end":{"line":47,"column":5}},"15":{"start":{"line":46,"column":6},"end":{"line":46,"column":110}},"16":{"start":{"line":48,"column":18},"end":{"line":50,"column":6}},"17":{"start":{"line":51,"column":4},"end":{"line":51,"column":32}},"18":{"start":{"line":53,"column":4},"end":{"line":53,"column":63}},"19":{"start":{"line":64,"column":0},"end":{"line":77,"column":2}},"20":{"start":{"line":65,"column":2},"end":{"line":76,"column":3}},"21":{"start":{"line":67,"column":4},"end":{"line":67,"column":67}},"22":{"start":{"line":67,"column":33},"end":{"line":67,"column":67}},"23":{"start":{"line":68,"column":18},"end":{"line":71,"column":6}},"24":{"start":{"line":72,"column":4},"end":{"line":72,"column":78}},"25":{"start":{"line":72,"column":16},"end":{"line":72,"column":78}},"26":{"start":{"line":73,"column":4},"end":{"line":73,"column":20}},"27":{"start":{"line":75,"column":4},"end":{"line":75,"column":65}},"28":{"start":{"line":86,"column":0},"end":{"line":103,"column":2}},"29":{"start":{"line":87,"column":2},"end":{"line":102,"column":3}},"30":{"start":{"line":89,"column":4},"end":{"line":89,"column":67}},"31":{"start":{"line":89,"column":33},"end":{"line":89,"column":67}},"32":{"start":{"line":90,"column":43},"end":{"line":90,"column":51}},"33":{"start":{"line":91,"column":20},"end":{"line":94,"column":6}},"34":{"start":{"line":95,"column":4},"end":{"line":95,"column":22}},"35":{"start":{"line":97,"column":4},"end":{"line":100,"column":5}},"36":{"start":{"line":99,"column":6},"end":{"line":99,"column":68}},"37":{"start":{"line":101,"column":4},"end":{"line":101,"column":68}},"38":{"start":{"line":112,"column":0},"end":{"line":125,"column":2}},"39":{"start":{"line":113,"column":2},"end":{"line":124,"column":3}},"40":{"start":{"line":115,"column":4},"end":{"line":115,"column":67}},"41":{"start":{"line":115,"column":33},"end":{"line":115,"column":67}},"42":{"start":{"line":116,"column":4},"end":{"line":116,"column":74}},"43":{"start":{"line":117,"column":4},"end":{"line":117,"column":27}},"44":{"start":{"line":119,"column":4},"end":{"line":122,"column":5}},"45":{"start":{"line":121,"column":6},"end":{"line":121,"column":68}},"46":{"start":{"line":123,"column":4},"end":{"line":123,"column":66}}},"fnMap":{"0":{"name":"(anonymous_0)","decl":{"start":{"line":19,"column":23},"end":{"line":19,"column":24}},"loc":{"start":{"line":19,"column":44},"end":{"line":29,"column":1}},"line":19},"1":{"name":"(anonymous_1)","decl":{"start":{"line":38,"column":22},"end":{"line":38,"column":23}},"loc":{"start":{"line":38,"column":42},"end":{"line":55,"column":1}},"line":38},"2":{"name":"(anonymous_2)","decl":{"start":{"line":64,"column":23},"end":{"line":64,"column":24}},"loc":{"start":{"line":64,"column":43},"end":{"line":77,"column":1}},"line":64},"3":{"name":"(anonymous_3)","decl":{"start":{"line":86,"column":22},"end":{"line":86,"column":23}},"loc":{"start":{"line":86,"column":42},"end":{"line":103,"column":1}},"line":86},"4":{"name":"(anonymous_4)","decl":{"start":{"line":112,"column":22},"end":{"line":112,"column":23}},"loc":{"start":{"line":112,"column":42},"end":{"line":125,"column":1}},"line":112}},"branchMap":{"0":{"loc":{"start":{"line":22,"column":4},"end":{"line":22,"column":68}},"type":"if","locations":[{"start":{"line":22,"column":4},"end":{"line":22,"column":68}},{"start":{},"end":{}}],"line":22},"1":{"loc":{"start":{"line":41,"column":4},"end":{"line":41,"column":67}},"type":"if","locations":[{"start":{"line":41,"column":4},"end":{"line":41,"column":67}},{"start":{},"end":{}}],"line":41},"2":{"loc":{"start":{"line":45,"column":4},"end":{"line":47,"column":5}},"type":"if","locations":[{"start":{"line":45,"column":4},"end":{"line":47,"column":5}},{"start":{},"end":{}}],"line":45},"3":{"loc":{"start":{"line":45,"column":8},"end":{"line":45,"column":72}},"type":"binary-expr","locations":[{"start":{"line":45,"column":8},"end":{"line":45,"column":15}},{"start":{"line":45,"column":19},"end":{"line":45,"column":26}},{"start":{"line":45,"column":30},"end":{"line":45,"column":60}},{"start":{"line":45,"column":64},"end":{"line":45,"column":72}}],"line":45},"4":{"loc":{"start":{"line":67,"column":4},"end":{"line":67,"column":67}},"type":"if","locations":[{"start":{"line":67,"column":4},"end":{"line":67,"column":67}},{"start":{},"end":{}}],"line":67},"5":{"loc":{"start":{"line":72,"column":4},"end":{"line":72,"column":78}},"type":"if","locations":[{"start":{"line":72,"column":4},"end":{"line":72,"column":78}},{"start":{},"end":{}}],"line":72},"6":{"loc":{"start":{"line":89,"column":4},"end":{"line":89,"column":67}},"type":"if","locations":[{"start":{"line":89,"column":4},"end":{"line":89,"column":67}},{"start":{},"end":{}}],"line":89},"7":{"loc":{"start":{"line":97,"column":4},"end":{"line":100,"column":5}},"type":"if","locations":[{"start":{"line":97,"column":4},"end":{"line":100,"column":5}},{"start":{},"end":{}}],"line":97},"8":{"loc":{"start":{"line":115,"column":4},"end":{"line":115,"column":67}},"type":"if","locations":[{"start":{"line":115,"column":4},"end":{"line":115,"column":67}},{"start":{},"end":{}}],"line":115},"9":{"loc":{"start":{"line":119,"column":4},"end":{"line":122,"column":5}},"type":"if","locations":[{"start":{"line":119,"column":4},"end":{"line":122,"column":5}},{"start":{},"end":{}}],"line":119}},"s":{"0":3,"1":3,"2":3,"3":3,"4":3,"5":1,"6":2,"7":2,"8":1,"9":3,"10":8,"11":8,"12":1,"13":7,"14":7,"15":6,"16":1,"17":1,"18":1,"19":3,"20":4,"21":4,"22":1,"23":3,"24":3,"25":2,"26":1,"27":1,"28":3,"29":3,"30":3,"31":1,"32":2,"33":2,"34":1,"35":2,"36":1,"37":1,"38":3,"39":3,"40":3,"41":1,"42":2,"43":1,"44":2,"45":1,"46":1},"f":{"0":3,"1":8,"2":4,"3":3,"4":3},"b":{"0":[1,2],"1":[1,7],"2":[6,1],"3":[7,5,4,2],"4":[1,3],"5":[2,1],"6":[1,2],"7":[1,1],"8":[1,2],"9":[1,1]},"_coverageSchema":"1a1c01bbd47fc00a2c39e90264f33305004495a9","hash":"fe08e6b61fd90861a7a9f2c25230d8cd49816917"}
,"C:\\Users\\Marco\\Projects\\Gestion_de_Libros_STA_Code\\Gestion_de_Libros_STA\\backend\\src\\middleware\\errorHandler.js": {"path":"C:\\Users\\Marco\\Projects\\Gestion_de_Libros_STA_Code\\Gestion_de_Libros_STA\\backend\\src\\middleware\\errorHandler.js","statementMap":{"0":{"start":{"line":16,"column":0},"end":{"line":19,"column":2}},"1":{"start":{"line":17,"column":2},"end":{"line":17,"column":59}},"2":{"start":{"line":18,"column":2},"end":{"line":18,"column":64}}},"fnMap":{"0":{"name":"(anonymous_0)","decl":{"start":{"line":16,"column":17},"end":{"line":16,"column":18}},"loc":{"start":{"line":16,"column":42},"end":{"line":19,"column":1}},"line":16}},"branchMap":{},"s":{"0":4,"1":3,"2":3},"f":{"0":3},"b":{},"_coverageSchema":"1a1c01bbd47fc00a2c39e90264f33305004495a9","hash":"d691464a08579f96046875f060d87a6d74084252"}
,"C:\\Users\\Marco\\Projects\\Gestion_de_Libros_STA_Code\\Gestion_de_Libros_STA\\backend\\src\\routes\\autores.js": {"path":"C:\\Users\\Marco\\Projects\\Gestion_de_Libros_STA_Code\\Gestion_de_Libros_STA\\backend\\src\\routes\\autores.js","statementMap":{"0":{"start":{"line":5,"column":16},"end":{"line":5,"column":34}},"1":{"start":{"line":6,"column":15},"end":{"line":6,"column":31}},"2":{"start":{"line":7,"column":15},"end":{"line":7,"column":35}},"3":{"start":{"line":13,"column":0},"end":{"line":22,"column":3}},"4":{"start":{"line":14,"column":2},"end":{"line":21,"column":3}},"5":{"start":{"line":15,"column":20},"end":{"line":17,"column":6}},"6":{"start":{"line":18,"column":4},"end":{"line":18,"column":22}},"7":{"start":{"line":20,"column":4},"end":{"line":20,"column":16}},"8":{"start":{"line":24,"column":0},"end":{"line":24,"column":24}}},"fnMap":{"0":{"name":"(anonymous_0)","decl":{"start":{"line":13,"column":16},"end":{"line":13,"column":17}},"loc":{"start":{"line":13,"column":42},"end":{"line":22,"column":1}},"line":13}},"branchMap":{},"s":{"0":3,"1":3,"2":3,"3":3,"4":2,"5":2,"6":1,"7":1,"8":3},"f":{"0":2},"b":{},"_coverageSchema":"1a1c01bbd47fc00a2c39e90264f33305004495a9","hash":"294280785e5e3f1ae0f096ea730afc7c9db6eaef"}
,"C:\\Users\\Marco\\Projects\\Gestion_de_Libros_STA_Code\\Gestion_de_Libros_STA\\backend\\src\\routes\\libros.js": {"path":"C:\\Users\\Marco\\Projects\\Gestion_de_Libros_STA_Code\\Gestion_de_Libros_STA\\backend\\src\\routes\\libros.js","statementMap":{"0":{"start":{"line":9,"column":16},"end":{"line":9,"column":34}},"1":{"start":{"line":10,"column":15},"end":{"line":10,"column":31}},"2":{"start":{"line":13,"column":25},"end":{"line":13,"column":67}},"3":{"start":{"line":19,"column":0},"end":{"line":19,"column":47}},"4":{"start":{"line":25,"column":0},"end":{"line":25,"column":47}},"5":{"start":{"line":31,"column":0},"end":{"line":31,"column":50}},"6":{"start":{"line":37,"column":0},"end":{"line":37,"column":49}},"7":{"start":{"line":43,"column":0},"end":{"line":43,"column":52}},"8":{"start":{"line":46,"column":0},"end":{"line":46,"column":24}}},"fnMap":{},"branchMap":{},"s":{"0":3,"1":3,"2":3,"3":3,"4":3,"5":3,"6":3,"7":3,"8":3},"f":{},"b":{},"_coverageSchema":"1a1c01bbd47fc00a2c39e90264f33305004495a9","hash":"e150f83d94ca981534823fd99861731c0ea13864"}
,"C:\\Users\\Marco\\Projects\\Gestion_de_Libros_STA_Code\\Gestion_de_Libros_STA\\backend\\src\\routes\\login.js": {"path":"C:\\Users\\Marco\\Projects\\Gestion_de_Libros_STA_Code\\Gestion_de_Libros_STA\\backend\\src\\routes\\login.js","statementMap":{"0":{"start":{"line":9,"column":16},"end":{"line":9,"column":34}},"1":{"start":{"line":10,"column":15},"end":{"line":10,"column":31}},"2":{"start":{"line":11,"column":15},"end":{"line":11,"column":35}},"3":{"start":{"line":32,"column":2},"end":{"line":35,"column":15}},"4":{"start":{"line":34,"column":17},"end":{"line":34,"column":75}},"5":{"start":{"line":38,"column":0},"end":{"line":75,"column":3}},"6":{"start":{"line":39,"column":2},"end":{"line":74,"column":3}},"7":{"start":{"line":40,"column":30},"end":{"line":40,"column":38}},"8":{"start":{"line":43,"column":4},"end":{"line":45,"column":5}},"9":{"start":{"line":44,"column":6},"end":{"line":44,"column":78}},"10":{"start":{"line":46,"column":4},"end":{"line":48,"column":5}},"11":{"start":{"line":47,"column":6},"end":{"line":47,"column":81}},"12":{"start":{"line":51,"column":16},"end":{"line":51,"column":67}},"13":{"start":{"line":54,"column":4},"end":{"line":65,"column":5}},"14":{"start":{"line":56,"column":6},"end":{"line":61,"column":7}},"15":{"start":{"line":57,"column":8},"end":{"line":57,"column":36}},"16":{"start":{"line":59,"column":28},"end":{"line":59,"column":47}},"17":{"start":{"line":60,"column":8},"end":{"line":60,"column":53}},"18":{"start":{"line":62,"column":6},"end":{"line":64,"column":9}},"19":{"start":{"line":68,"column":4},"end":{"line":68,"column":90}},"20":{"start":{"line":72,"column":4},"end":{"line":72,"column":68}},"21":{"start":{"line":73,"column":4},"end":{"line":73,"column":16}},"22":{"start":{"line":77,"column":0},"end":{"line":77,"column":24}}},"fnMap":{"0":{"name":"emailPrefixToName","decl":{"start":{"line":31,"column":9},"end":{"line":31,"column":26}},"loc":{"start":{"line":31,"column":40},"end":{"line":36,"column":1}},"line":31},"1":{"name":"(anonymous_1)","decl":{"start":{"line":34,"column":9},"end":{"line":34,"column":10}},"loc":{"start":{"line":34,"column":17},"end":{"line":34,"column":75}},"line":34},"2":{"name":"(anonymous_2)","decl":{"start":{"line":38,"column":17},"end":{"line":38,"column":18}},"loc":{"start":{"line":38,"column":43},"end":{"line":75,"column":1}},"line":38}},"branchMap":{"0":{"loc":{"start":{"line":43,"column":4},"end":{"line":45,"column":5}},"type":"if","locations":[{"start":{"line":43,"column":4},"end":{"line":45,"column":5}},{"start":{},"end":{}}],"line":43},"1":{"loc":{"start":{"line":46,"column":4},"end":{"line":48,"column":5}},"type":"if","locations":[{"start":{"line":46,"column":4},"end":{"line":48,"column":5}},{"start":{},"end":{}}],"line":46},"2":{"loc":{"start":{"line":54,"column":4},"end":{"line":65,"column":5}},"type":"if","locations":[{"start":{"line":54,"column":4},"end":{"line":65,"column":5}},{"start":{},"end":{}}],"line":54},"3":{"loc":{"start":{"line":56,"column":6},"end":{"line":61,"column":7}},"type":"if","locations":[{"start":{"line":56,"column":6},"end":{"line":61,"column":7}},{"start":{"line":58,"column":13},"end":{"line":61,"column":7}}],"line":56},"4":{"loc":{"start":{"line":56,"column":10},"end":{"line":56,"column":33}},"type":"binary-expr","locations":[{"start":{"line":56,"column":10},"end":{"line":56,"column":16}},{"start":{"line":56,"column":20},"end":{"line":56,"column":33}}],"line":56}},"s":{"0":3,"1":3,"2":3,"3":3,"4":5,"5":3,"6":10,"7":10,"8":10,"9":1,"10":9,"11":1,"12":8,"13":7,"14":4,"15":1,"16":3,"17":3,"18":4,"19":7,"20":1,"21":1,"22":3},"f":{"0":3,"1":5,"2":10},"b":{"0":[1,9],"1":[1,8],"2":[4,3],"3":[1,3],"4":[4,1]},"_coverageSchema":"1a1c01bbd47fc00a2c39e90264f33305004495a9","hash":"e1b281fbb6bb23f22bb325500acc6538aed9fa8e"}
}
