TN:
SF:src\app.js
FNF:0
FNH:0
DA:8,2
DA:11,2
DA:14,2
DA:17,2
DA:18,2
DA:21,2
DA:24,2
DA:25,2
DA:28,2
DA:29,2
DA:32,2
DA:33,2
DA:36,2
LF:13
LH:13
BRF:0
BRH:0
end_of_record
TN:
SF:src\controllers\librosController.js
FN:19,(anonymous_0)
FN:40,(anonymous_1)
FN:66,(anonymous_2)
FN:88,(anonymous_3)
FN:114,(anonymous_4)
FNF:5
FNH:5
FNDA:3,(anonymous_0)
FNDA:8,(anonymous_1)
FNDA:4,(anonymous_2)
FNDA:3,(anonymous_3)
FNDA:3,(anonymous_4)
DA:9,2
DA:10,2
DA:19,2
DA:20,3
DA:22,3
DA:23,2
DA:24,2
DA:25,1
DA:27,1
DA:29,1
DA:40,2
DA:41,8
DA:43,8
DA:45,7
DA:47,7
DA:48,6
DA:50,1
DA:53,1
DA:55,1
DA:66,2
DA:67,4
DA:69,4
DA:70,3
DA:74,3
DA:75,1
DA:77,1
DA:88,2
DA:89,3
DA:91,3
DA:92,2
DA:93,2
DA:97,1
DA:99,2
DA:101,1
DA:103,1
DA:114,2
DA:115,3
DA:117,3
DA:118,2
DA:119,1
DA:121,2
DA:123,1
DA:125,1
LF:43
LH:43
BRDA:22,0,0,1
BRDA:22,0,1,2
BRDA:24,1,0,1
BRDA:24,1,1,1
BRDA:24,2,0,2
BRDA:24,2,1,2
BRDA:43,3,0,1
BRDA:43,3,1,7
BRDA:47,4,0,6
BRDA:47,4,1,1
BRDA:47,5,0,7
BRDA:47,5,1,5
BRDA:47,5,2,4
BRDA:47,5,3,2
BRDA:69,6,0,1
BRDA:69,6,1,3
BRDA:74,7,0,2
BRDA:74,7,1,1
BRDA:91,8,0,1
BRDA:91,8,1,2
BRDA:99,9,0,1
BRDA:99,9,1,1
BRDA:117,10,0,1
BRDA:117,10,1,2
BRDA:121,11,0,1
BRDA:121,11,1,1
BRF:26
BRH:26
end_of_record
TN:
SF:src\middleware\errorHandler.js
FN:16,(anonymous_0)
FNF:1
FNH:1
FNDA:2,(anonymous_0)
DA:16,3
DA:17,2
DA:18,2
LF:3
LH:3
BRF:0
BRH:0
end_of_record
TN:
SF:src\routes\libros.js
FNF:0
FNH:0
DA:9,2
DA:10,2
DA:13,2
DA:19,2
DA:25,2
DA:31,2
DA:37,2
DA:43,2
DA:46,2
LF:9
LH:9
BRF:0
BRH:0
end_of_record
TN:
SF:src\routes\login.js
FN:32,emailPrefixToName
FN:35,(anonymous_1)
FN:39,(anonymous_2)
FNF:3
FNH:3
FNDA:3,emailPrefixToName
FNDA:5,(anonymous_1)
FNDA:10,(anonymous_2)
DA:9,2
DA:10,2
DA:11,2
DA:12,2
DA:33,3
DA:35,5
DA:39,2
DA:40,10
DA:41,10
DA:44,10
DA:45,1
DA:47,9
DA:48,1
DA:52,8
DA:55,7
DA:57,4
DA:58,1
DA:60,3
DA:61,3
DA:63,4
DA:69,7
DA:73,1
DA:74,1
DA:78,2
LF:24
LH:24
BRDA:44,0,0,1
BRDA:44,0,1,9
BRDA:47,1,0,1
BRDA:47,1,1,8
BRDA:55,2,0,4
BRDA:55,2,1,3
BRDA:57,3,0,1
BRDA:57,3,1,3
BRDA:57,4,0,4
BRDA:57,4,1,1
BRF:10
BRH:10
end_of_record
