TN:
SF:src\app.js
FN:41,(anonymous_0)
FNF:1
FNH:1
FNDA:33,(anonymous_0)
DA:8,3
DA:11,3
DA:14,3
DA:17,3
DA:18,3
DA:19,3
DA:22,3
DA:37,3
DA:40,3
DA:43,33
DA:45,0
DA:46,0
DA:49,0
DA:52,3
DA:55,3
DA:56,3
DA:57,3
DA:60,3
DA:61,3
DA:64,3
LF:20
LH:17
BRDA:43,0,0,33
BRDA:43,0,1,0
BRDA:45,1,0,0
BRDA:45,1,1,0
BRF:4
BRH:1
end_of_record
TN:
SF:src\prisma.js
FNF:0
FNH:0
DA:1,3
DA:2,3
DA:3,3
LF:3
LH:3
BRF:0
BRH:0
end_of_record
TN:
SF:src\controllers\librosController.js
FN:19,(anonymous_0)
FN:38,(anonymous_1)
FN:64,(anonymous_2)
FN:86,(anonymous_3)
FN:112,(anonymous_4)
FNF:5
FNH:5
FNDA:3,(anonymous_0)
FNDA:8,(anonymous_1)
FNDA:4,(anonymous_2)
FNDA:3,(anonymous_3)
FNDA:3,(anonymous_4)
DA:9,3
DA:10,3
DA:19,3
DA:20,3
DA:22,3
DA:23,2
DA:25,2
DA:27,1
DA:38,3
DA:39,8
DA:41,8
DA:43,7
DA:45,7
DA:46,6
DA:48,1
DA:51,1
DA:53,1
DA:64,3
DA:65,4
DA:67,4
DA:68,3
DA:72,3
DA:73,1
DA:75,1
DA:86,3
DA:87,3
DA:89,3
DA:90,2
DA:91,2
DA:95,1
DA:97,2
DA:99,1
DA:101,1
DA:112,3
DA:113,3
DA:115,3
DA:116,2
DA:117,1
DA:119,2
DA:121,1
DA:123,1
LF:41
LH:41
BRDA:22,0,0,1
BRDA:22,0,1,2
BRDA:41,1,0,1
BRDA:41,1,1,7
BRDA:45,2,0,6
BRDA:45,2,1,1
BRDA:45,3,0,7
BRDA:45,3,1,5
BRDA:45,3,2,4
BRDA:45,3,3,2
BRDA:67,4,0,1
BRDA:67,4,1,3
BRDA:72,5,0,2
BRDA:72,5,1,1
BRDA:89,6,0,1
BRDA:89,6,1,2
BRDA:97,7,0,1
BRDA:97,7,1,1
BRDA:115,8,0,1
BRDA:115,8,1,2
BRDA:119,9,0,1
BRDA:119,9,1,1
BRF:22
BRH:22
end_of_record
TN:
SF:src\middleware\errorHandler.js
FN:16,(anonymous_0)
FNF:1
FNH:1
FNDA:3,(anonymous_0)
DA:16,4
DA:17,3
DA:18,3
LF:3
LH:3
BRF:0
BRH:0
end_of_record
TN:
SF:src\routes\autores.js
FN:13,(anonymous_0)
FNF:1
FNH:1
FNDA:2,(anonymous_0)
DA:5,3
DA:6,3
DA:7,3
DA:13,3
DA:14,2
DA:15,2
DA:18,1
DA:20,1
DA:24,3
LF:9
LH:9
BRF:0
BRH:0
end_of_record
TN:
SF:src\routes\libros.js
FNF:0
FNH:0
DA:9,3
DA:10,3
DA:13,3
DA:19,3
DA:25,3
DA:31,3
DA:37,3
DA:43,3
DA:46,3
LF:9
LH:9
BRF:0
BRH:0
end_of_record
TN:
SF:src\routes\login.js
FN:31,emailPrefixToName
FN:34,(anonymous_1)
FN:38,(anonymous_2)
FNF:3
FNH:3
FNDA:3,emailPrefixToName
FNDA:5,(anonymous_1)
FNDA:10,(anonymous_2)
DA:9,3
DA:10,3
DA:11,3
DA:32,3
DA:34,5
DA:38,3
DA:39,10
DA:40,10
DA:43,10
DA:44,1
DA:46,9
DA:47,1
DA:51,8
DA:54,7
DA:56,4
DA:57,1
DA:59,3
DA:60,3
DA:62,4
DA:68,7
DA:72,1
DA:73,1
DA:77,3
LF:23
LH:23
BRDA:43,0,0,1
BRDA:43,0,1,9
BRDA:46,1,0,1
BRDA:46,1,1,8
BRDA:54,2,0,4
BRDA:54,2,1,3
BRDA:56,3,0,1
BRDA:56,3,1,3
BRDA:56,4,0,4
BRDA:56,4,1,1
BRF:10
BRH:10
end_of_record
